Determining if the CL_VERSION_2_2 exist failed with the following output:
Change Dir: /home/carneiro/distributed/fsp/other_codes/chapel-gpu/example/build/CMakeFiles/CMakeTmp

Run Build Command:"/usr/bin/make" "cmTC_7afd0/fast"
make[1]: Entering directory '/home/carneiro/distributed/fsp/other_codes/chapel-gpu/example/build/CMakeFiles/CMakeTmp'
/usr/bin/make -f CMakeFiles/cmTC_7afd0.dir/build.make CMakeFiles/cmTC_7afd0.dir/build
make[2]: Entering directory '/home/carneiro/distributed/fsp/other_codes/chapel-gpu/example/build/CMakeFiles/CMakeTmp'
Building C object CMakeFiles/cmTC_7afd0.dir/CheckSymbolExists.c.o
/usr/bin/cc    -o CMakeFiles/cmTC_7afd0.dir/CheckSymbolExists.c.o   -c /home/carneiro/distributed/fsp/other_codes/chapel-gpu/example/build/CMakeFiles/CMakeTmp/CheckSymbolExists.c
/home/carneiro/distributed/fsp/other_codes/chapel-gpu/example/build/CMakeFiles/CMakeTmp/CheckSymbolExists.c:2:10: fatal error: OpenCL_INCLUDE_DIR-NOTFOUND/CL/cl.h: No such file or directory
 #include <OpenCL_INCLUDE_DIR-NOTFOUND/CL/cl.h>
          ^~~~~~~~~~~~~~~~~~~~~~~~~~~~~~~~~~~~~
compilation terminated.
CMakeFiles/cmTC_7afd0.dir/build.make:65: recipe for target 'CMakeFiles/cmTC_7afd0.dir/CheckSymbolExists.c.o' failed
make[2]: *** [CMakeFiles/cmTC_7afd0.dir/CheckSymbolExists.c.o] Error 1
make[2]: Leaving directory '/home/carneiro/distributed/fsp/other_codes/chapel-gpu/example/build/CMakeFiles/CMakeTmp'
Makefile:126: recipe for target 'cmTC_7afd0/fast' failed
make[1]: *** [cmTC_7afd0/fast] Error 2
make[1]: Leaving directory '/home/carneiro/distributed/fsp/other_codes/chapel-gpu/example/build/CMakeFiles/CMakeTmp'

File /home/carneiro/distributed/fsp/other_codes/chapel-gpu/example/build/CMakeFiles/CMakeTmp/CheckSymbolExists.c:
/* */
#include <OpenCL_INCLUDE_DIR-NOTFOUND/CL/cl.h>

int main(int argc, char** argv)
{
  (void)argv;
#ifndef CL_VERSION_2_2
  return ((int*)(&CL_VERSION_2_2))[argc];
#else
  (void)argc;
  return 0;
#endif
}

Determining if the CL_VERSION_2_1 exist failed with the following output:
Change Dir: /home/carneiro/distributed/fsp/other_codes/chapel-gpu/example/build/CMakeFiles/CMakeTmp

Run Build Command:"/usr/bin/make" "cmTC_922ae/fast"
make[1]: Entering directory '/home/carneiro/distributed/fsp/other_codes/chapel-gpu/example/build/CMakeFiles/CMakeTmp'
/usr/bin/make -f CMakeFiles/cmTC_922ae.dir/build.make CMakeFiles/cmTC_922ae.dir/build
make[2]: Entering directory '/home/carneiro/distributed/fsp/other_codes/chapel-gpu/example/build/CMakeFiles/CMakeTmp'
Building C object CMakeFiles/cmTC_922ae.dir/CheckSymbolExists.c.o
/usr/bin/cc    -o CMakeFiles/cmTC_922ae.dir/CheckSymbolExists.c.o   -c /home/carneiro/distributed/fsp/other_codes/chapel-gpu/example/build/CMakeFiles/CMakeTmp/CheckSymbolExists.c
/home/carneiro/distributed/fsp/other_codes/chapel-gpu/example/build/CMakeFiles/CMakeTmp/CheckSymbolExists.c:2:10: fatal error: OpenCL_INCLUDE_DIR-NOTFOUND/CL/cl.h: No such file or directory
 #include <OpenCL_INCLUDE_DIR-NOTFOUND/CL/cl.h>
          ^~~~~~~~~~~~~~~~~~~~~~~~~~~~~~~~~~~~~
compilation terminated.
CMakeFiles/cmTC_922ae.dir/build.make:65: recipe for target 'CMakeFiles/cmTC_922ae.dir/CheckSymbolExists.c.o' failed
make[2]: *** [CMakeFiles/cmTC_922ae.dir/CheckSymbolExists.c.o] Error 1
make[2]: Leaving directory '/home/carneiro/distributed/fsp/other_codes/chapel-gpu/example/build/CMakeFiles/CMakeTmp'
Makefile:126: recipe for target 'cmTC_922ae/fast' failed
make[1]: *** [cmTC_922ae/fast] Error 2
make[1]: Leaving directory '/home/carneiro/distributed/fsp/other_codes/chapel-gpu/example/build/CMakeFiles/CMakeTmp'

File /home/carneiro/distributed/fsp/other_codes/chapel-gpu/example/build/CMakeFiles/CMakeTmp/CheckSymbolExists.c:
/* */
#include <OpenCL_INCLUDE_DIR-NOTFOUND/CL/cl.h>

int main(int argc, char** argv)
{
  (void)argv;
#ifndef CL_VERSION_2_1
  return ((int*)(&CL_VERSION_2_1))[argc];
#else
  (void)argc;
  return 0;
#endif
}

Determining if the CL_VERSION_2_0 exist failed with the following output:
Change Dir: /home/carneiro/distributed/fsp/other_codes/chapel-gpu/example/build/CMakeFiles/CMakeTmp

Run Build Command:"/usr/bin/make" "cmTC_492e2/fast"
make[1]: Entering directory '/home/carneiro/distributed/fsp/other_codes/chapel-gpu/example/build/CMakeFiles/CMakeTmp'
/usr/bin/make -f CMakeFiles/cmTC_492e2.dir/build.make CMakeFiles/cmTC_492e2.dir/build
make[2]: Entering directory '/home/carneiro/distributed/fsp/other_codes/chapel-gpu/example/build/CMakeFiles/CMakeTmp'
Building C object CMakeFiles/cmTC_492e2.dir/CheckSymbolExists.c.o
/usr/bin/cc    -o CMakeFiles/cmTC_492e2.dir/CheckSymbolExists.c.o   -c /home/carneiro/distributed/fsp/other_codes/chapel-gpu/example/build/CMakeFiles/CMakeTmp/CheckSymbolExists.c
/home/carneiro/distributed/fsp/other_codes/chapel-gpu/example/build/CMakeFiles/CMakeTmp/CheckSymbolExists.c:2:10: fatal error: OpenCL_INCLUDE_DIR-NOTFOUND/CL/cl.h: No such file or directory
 #include <OpenCL_INCLUDE_DIR-NOTFOUND/CL/cl.h>
          ^~~~~~~~~~~~~~~~~~~~~~~~~~~~~~~~~~~~~
compilation terminated.
CMakeFiles/cmTC_492e2.dir/build.make:65: recipe for target 'CMakeFiles/cmTC_492e2.dir/CheckSymbolExists.c.o' failed
make[2]: *** [CMakeFiles/cmTC_492e2.dir/CheckSymbolExists.c.o] Error 1
make[2]: Leaving directory '/home/carneiro/distributed/fsp/other_codes/chapel-gpu/example/build/CMakeFiles/CMakeTmp'
Makefile:126: recipe for target 'cmTC_492e2/fast' failed
make[1]: *** [cmTC_492e2/fast] Error 2
make[1]: Leaving directory '/home/carneiro/distributed/fsp/other_codes/chapel-gpu/example/build/CMakeFiles/CMakeTmp'

File /home/carneiro/distributed/fsp/other_codes/chapel-gpu/example/build/CMakeFiles/CMakeTmp/CheckSymbolExists.c:
/* */
#include <OpenCL_INCLUDE_DIR-NOTFOUND/CL/cl.h>

int main(int argc, char** argv)
{
  (void)argv;
#ifndef CL_VERSION_2_0
  return ((int*)(&CL_VERSION_2_0))[argc];
#else
  (void)argc;
  return 0;
#endif
}

Determining if the CL_VERSION_1_2 exist failed with the following output:
Change Dir: /home/carneiro/distributed/fsp/other_codes/chapel-gpu/example/build/CMakeFiles/CMakeTmp

Run Build Command:"/usr/bin/make" "cmTC_6e0ec/fast"
make[1]: Entering directory '/home/carneiro/distributed/fsp/other_codes/chapel-gpu/example/build/CMakeFiles/CMakeTmp'
/usr/bin/make -f CMakeFiles/cmTC_6e0ec.dir/build.make CMakeFiles/cmTC_6e0ec.dir/build
make[2]: Entering directory '/home/carneiro/distributed/fsp/other_codes/chapel-gpu/example/build/CMakeFiles/CMakeTmp'
Building C object CMakeFiles/cmTC_6e0ec.dir/CheckSymbolExists.c.o
/usr/bin/cc    -o CMakeFiles/cmTC_6e0ec.dir/CheckSymbolExists.c.o   -c /home/carneiro/distributed/fsp/other_codes/chapel-gpu/example/build/CMakeFiles/CMakeTmp/CheckSymbolExists.c
/home/carneiro/distributed/fsp/other_codes/chapel-gpu/example/build/CMakeFiles/CMakeTmp/CheckSymbolExists.c:2:10: fatal error: OpenCL_INCLUDE_DIR-NOTFOUND/CL/cl.h: No such file or directory
 #include <OpenCL_INCLUDE_DIR-NOTFOUND/CL/cl.h>
          ^~~~~~~~~~~~~~~~~~~~~~~~~~~~~~~~~~~~~
compilation terminated.
CMakeFiles/cmTC_6e0ec.dir/build.make:65: recipe for target 'CMakeFiles/cmTC_6e0ec.dir/CheckSymbolExists.c.o' failed
make[2]: *** [CMakeFiles/cmTC_6e0ec.dir/CheckSymbolExists.c.o] Error 1
make[2]: Leaving directory '/home/carneiro/distributed/fsp/other_codes/chapel-gpu/example/build/CMakeFiles/CMakeTmp'
Makefile:126: recipe for target 'cmTC_6e0ec/fast' failed
make[1]: *** [cmTC_6e0ec/fast] Error 2
make[1]: Leaving directory '/home/carneiro/distributed/fsp/other_codes/chapel-gpu/example/build/CMakeFiles/CMakeTmp'

File /home/carneiro/distributed/fsp/other_codes/chapel-gpu/example/build/CMakeFiles/CMakeTmp/CheckSymbolExists.c:
/* */
#include <OpenCL_INCLUDE_DIR-NOTFOUND/CL/cl.h>

int main(int argc, char** argv)
{
  (void)argv;
#ifndef CL_VERSION_1_2
  return ((int*)(&CL_VERSION_1_2))[argc];
#else
  (void)argc;
  return 0;
#endif
}

Determining if the CL_VERSION_1_1 exist failed with the following output:
Change Dir: /home/carneiro/distributed/fsp/other_codes/chapel-gpu/example/build/CMakeFiles/CMakeTmp

Run Build Command:"/usr/bin/make" "cmTC_e2d3e/fast"
make[1]: Entering directory '/home/carneiro/distributed/fsp/other_codes/chapel-gpu/example/build/CMakeFiles/CMakeTmp'
/usr/bin/make -f CMakeFiles/cmTC_e2d3e.dir/build.make CMakeFiles/cmTC_e2d3e.dir/build
make[2]: Entering directory '/home/carneiro/distributed/fsp/other_codes/chapel-gpu/example/build/CMakeFiles/CMakeTmp'
Building C object CMakeFiles/cmTC_e2d3e.dir/CheckSymbolExists.c.o
/usr/bin/cc    -o CMakeFiles/cmTC_e2d3e.dir/CheckSymbolExists.c.o   -c /home/carneiro/distributed/fsp/other_codes/chapel-gpu/example/build/CMakeFiles/CMakeTmp/CheckSymbolExists.c
/home/carneiro/distributed/fsp/other_codes/chapel-gpu/example/build/CMakeFiles/CMakeTmp/CheckSymbolExists.c:2:10: fatal error: OpenCL_INCLUDE_DIR-NOTFOUND/CL/cl.h: No such file or directory
 #include <OpenCL_INCLUDE_DIR-NOTFOUND/CL/cl.h>
          ^~~~~~~~~~~~~~~~~~~~~~~~~~~~~~~~~~~~~
compilation terminated.
CMakeFiles/cmTC_e2d3e.dir/build.make:65: recipe for target 'CMakeFiles/cmTC_e2d3e.dir/CheckSymbolExists.c.o' failed
make[2]: *** [CMakeFiles/cmTC_e2d3e.dir/CheckSymbolExists.c.o] Error 1
make[2]: Leaving directory '/home/carneiro/distributed/fsp/other_codes/chapel-gpu/example/build/CMakeFiles/CMakeTmp'
Makefile:126: recipe for target 'cmTC_e2d3e/fast' failed
make[1]: *** [cmTC_e2d3e/fast] Error 2
make[1]: Leaving directory '/home/carneiro/distributed/fsp/other_codes/chapel-gpu/example/build/CMakeFiles/CMakeTmp'

File /home/carneiro/distributed/fsp/other_codes/chapel-gpu/example/build/CMakeFiles/CMakeTmp/CheckSymbolExists.c:
/* */
#include <OpenCL_INCLUDE_DIR-NOTFOUND/CL/cl.h>

int main(int argc, char** argv)
{
  (void)argv;
#ifndef CL_VERSION_1_1
  return ((int*)(&CL_VERSION_1_1))[argc];
#else
  (void)argc;
  return 0;
#endif
}

Determining if the CL_VERSION_1_0 exist failed with the following output:
Change Dir: /home/carneiro/distributed/fsp/other_codes/chapel-gpu/example/build/CMakeFiles/CMakeTmp

Run Build Command:"/usr/bin/make" "cmTC_bd663/fast"
make[1]: Entering directory '/home/carneiro/distributed/fsp/other_codes/chapel-gpu/example/build/CMakeFiles/CMakeTmp'
/usr/bin/make -f CMakeFiles/cmTC_bd663.dir/build.make CMakeFiles/cmTC_bd663.dir/build
make[2]: Entering directory '/home/carneiro/distributed/fsp/other_codes/chapel-gpu/example/build/CMakeFiles/CMakeTmp'
Building C object CMakeFiles/cmTC_bd663.dir/CheckSymbolExists.c.o
/usr/bin/cc    -o CMakeFiles/cmTC_bd663.dir/CheckSymbolExists.c.o   -c /home/carneiro/distributed/fsp/other_codes/chapel-gpu/example/build/CMakeFiles/CMakeTmp/CheckSymbolExists.c
/home/carneiro/distributed/fsp/other_codes/chapel-gpu/example/build/CMakeFiles/CMakeTmp/CheckSymbolExists.c:2:10: fatal error: OpenCL_INCLUDE_DIR-NOTFOUND/CL/cl.h: No such file or directory
 #include <OpenCL_INCLUDE_DIR-NOTFOUND/CL/cl.h>
          ^~~~~~~~~~~~~~~~~~~~~~~~~~~~~~~~~~~~~
compilation terminated.
CMakeFiles/cmTC_bd663.dir/build.make:65: recipe for target 'CMakeFiles/cmTC_bd663.dir/CheckSymbolExists.c.o' failed
make[2]: *** [CMakeFiles/cmTC_bd663.dir/CheckSymbolExists.c.o] Error 1
make[2]: Leaving directory '/home/carneiro/distributed/fsp/other_codes/chapel-gpu/example/build/CMakeFiles/CMakeTmp'
Makefile:126: recipe for target 'cmTC_bd663/fast' failed
make[1]: *** [cmTC_bd663/fast] Error 2
make[1]: Leaving directory '/home/carneiro/distributed/fsp/other_codes/chapel-gpu/example/build/CMakeFiles/CMakeTmp'

File /home/carneiro/distributed/fsp/other_codes/chapel-gpu/example/build/CMakeFiles/CMakeTmp/CheckSymbolExists.c:
/* */
#include <OpenCL_INCLUDE_DIR-NOTFOUND/CL/cl.h>

int main(int argc, char** argv)
{
  (void)argv;
#ifndef CL_VERSION_1_0
  return ((int*)(&CL_VERSION_1_0))[argc];
#else
  (void)argc;
  return 0;
#endif
}

